npm verb cli C:\Program Files\nodejs\node.exe C:\Program Files\nodejs\node_modules\npm\bin\npm-cli.js
npm info using npm@9.5.0
npm info using node@v18.14.2
npm verb title npm install
npm verb argv "install" "--legacy-peer-deps" "--loglevel" "verbose"
npm verb logfile logs-max:10 dir:C:\Users\LENOVO\AppData\Local\npm-cache\_logs\2023-09-27T08_10_53_168Z-
npm verb logfile C:\Users\LENOVO\AppData\Local\npm-cache\_logs\2023-09-27T08_10_53_168Z-debug-0.log
npm http fetch GET 200 https://registry.npmjs.org/cypress 673ms (cache revalidated)
npm http fetch GET 200 https://registry.npmjs.org/cypress-cucumber-preprocessor 1030ms (cache revalidated)
npm http fetch GET 200 https://registry.npmjs.org/cypress-xpath 977ms (cache revalidated)
npm http fetch GET 200 https://registry.npmjs.org/browserstack-cypress-cli 1047ms (cache revalidated)
npm http fetch GET 200 https://registry.npmjs.org/async 444ms (cache revalidated)
npm http fetch GET 200 https://registry.npmjs.org/decompress 545ms (cache revalidated)
npm http fetch GET 200 https://registry.npmjs.org/mocha 841ms (cache revalidated)
npm http fetch GET 200 https://registry.npmjs.org/mkdirp 862ms (cache revalidated)
npm http fetch GET 200 https://registry.npmjs.org/table 866ms (cache revalidated)
npm http fetch GET 200 https://registry.npmjs.org/gitconfiglocal 881ms (cache revalidated)
npm http fetch GET 200 https://registry.npmjs.org/requestretry 879ms (cache revalidated)
npm http fetch GET 200 https://registry.npmjs.org/chalk 889ms (cache revalidated)
npm http fetch GET 200 https://registry.npmjs.org/glob 901ms (cache revalidated)
npm http fetch GET 200 https://registry.npmjs.org/git-repo-info 917ms (cache revalidated)
npm http fetch GET 200 https://registry.npmjs.org/archiver 928ms (cache revalidated)
npm http fetch GET 200 https://registry.npmjs.org/@cypress%2fxvfb 915ms (cache revalidated)
npm http fetch GET 200 https://registry.npmjs.org/arch 914ms (cache revalidated)
npm http fetch GET 200 https://registry.npmjs.org/uuid 931ms (cache revalidated)
npm http fetch GET 200 https://registry.npmjs.org/node-ipc 939ms (cache revalidated)
npm http fetch GET 200 https://registry.npmjs.org/windows-release 940ms (cache revalidated)
npm http fetch GET 200 https://registry.npmjs.org/yargs 941ms (cache revalidated)
npm http fetch GET 200 https://registry.npmjs.org/update-notifier 953ms (cache revalidated)
npm http fetch GET 200 https://registry.npmjs.org/fs-extra 969ms (cache revalidated)
npm http fetch GET 200 https://registry.npmjs.org/chalk 949ms (cache revalidated)
npm http fetch GET 200 https://registry.npmjs.org/debug 948ms (cache revalidated)
npm http fetch GET 200 https://registry.npmjs.org/bluebird 960ms (cache revalidated)
npm http fetch GET 200 https://registry.npmjs.org/buffer 966ms (cache revalidated)
npm http fetch GET 200 https://registry.npmjs.org/common-tags 963ms (cache revalidated)
npm http fetch GET 200 https://registry.npmjs.org/cli-cursor 992ms (cache revalidated)
npm http fetch GET 200 https://registry.npmjs.org/@types%2fnode 1009ms (cache revalidated)
npm http fetch GET 200 https://registry.npmjs.org/execa 1046ms (cache revalidated)
npm http fetch GET 200 https://registry.npmjs.org/eventemitter2 1054ms (cache revalidated)
npm http fetch GET 200 https://registry.npmjs.org/cli-table3 1062ms (cache revalidated)
npm http fetch GET 200 https://registry.npmjs.org/cachedir 1067ms (cache revalidated)
npm http fetch GET 200 https://registry.npmjs.org/dayjs 1064ms (cache revalidated)
npm http fetch GET 200 https://registry.npmjs.org/check-more-types 1072ms (cache revalidated)
npm http fetch GET 200 https://registry.npmjs.org/fs-extra 1068ms (cache revalidated)
npm http fetch GET 200 https://registry.npmjs.org/enquirer 1080ms (cache revalidated)
npm http fetch GET 200 https://registry.npmjs.org/executable 1086ms (cache revalidated)
npm http fetch GET 200 https://registry.npmjs.org/@types%2fsinonjs__fake-timers 1124ms (cache revalidated)
npm http fetch GET 200 https://registry.npmjs.org/lodash 1098ms (cache revalidated)
npm http fetch GET 200 https://registry.npmjs.org/lazy-ass 1167ms (cache revalidated)
npm http fetch GET 200 https://registry.npmjs.org/extract-zip 1179ms (cache revalidated)
npm http fetch GET 200 https://registry.npmjs.org/commander 1187ms (cache revalidated)
npm http fetch GET 200 https://registry.npmjs.org/@cypress%2frequest 1206ms (cache revalidated)
npm http fetch GET 200 https://registry.npmjs.org/@types%2fsizzle 1204ms (cache revalidated)
npm http fetch GET 200 https://registry.npmjs.org/getos 1181ms (cache revalidated)
npm http fetch GET 200 https://registry.npmjs.org/is-installed-globally 1181ms (cache revalidated)
npm http fetch GET 200 https://registry.npmjs.org/is-ci 1187ms (cache revalidated)
npm http fetch GET 200 https://registry.npmjs.org/figures 1197ms (cache revalidated)
npm http fetch GET 200 https://registry.npmjs.org/pretty-bytes 1186ms (cache revalidated)
npm http fetch GET 200 https://registry.npmjs.org/log-symbols 1190ms (cache revalidated)
npm http fetch GET 200 https://registry.npmjs.org/listr2 1204ms (cache revalidated)
npm http fetch GET 200 https://registry.npmjs.org/yauzl 1209ms (cache revalidated)
npm http fetch GET 200 https://registry.npmjs.org/untildify 1215ms (cache revalidated)
npm http fetch GET 200 https://registry.npmjs.org/minimist 1224ms (cache revalidated)
npm http fetch GET 200 https://registry.npmjs.org/proxy-from-env 1224ms (cache revalidated)
npm http fetch GET 200 https://registry.npmjs.org/debug 1212ms (cache revalidated)
npm http fetch GET 200 https://registry.npmjs.org/request-progress 1231ms (cache revalidated)
npm http fetch GET 200 https://registry.npmjs.org/process 1232ms (cache revalidated)
npm http fetch GET 200 https://registry.npmjs.org/semver 1232ms (cache revalidated)
npm http fetch GET 200 https://registry.npmjs.org/tmp 1233ms (cache revalidated)
npm http fetch GET 200 https://registry.npmjs.org/ospath 1253ms (cache revalidated)
npm http fetch GET 200 https://registry.npmjs.org/supports-color 1255ms (cache revalidated)
npm http fetch GET 200 https://registry.npmjs.org/chai 1257ms (cache revalidated)
npm http fetch GET 200 https://registry.npmjs.org/cosmiconfig 1261ms (cache revalidated)
npm http fetch GET 200 https://registry.npmjs.org/dargs 1275ms (cache revalidated)
npm http fetch GET 200 https://registry.npmjs.org/minimist 1287ms (cache revalidated)
npm http fetch GET 200 https://registry.npmjs.org/glob 1323ms (cache revalidated)
npm http fetch GET 200 https://registry.npmjs.org/through 1322ms (cache revalidated)
npm http fetch GET 200 https://registry.npmjs.org/cli-progress 1407ms (cache revalidated)
npm http fetch GET 200 https://registry.npmjs.org/js-string-escape 1363ms (cache revalidated)
npm http fetch GET 200 https://registry.npmjs.org/request 1428ms (cache revalidated)
npm http fetch GET 200 https://registry.npmjs.org/cucumber-expressions 1524ms (cache revalidated)
npm http fetch GET 200 https://registry.npmjs.org/@cypress%2fbrowserify-preprocessor 1568ms (cache revalidated)
npm http fetch GET 200 https://registry.npmjs.org/blob-util 1755ms (cache revalidated)
npm http fetch GET 200 https://registry.npmjs.org/getmac 1776ms (cache revalidated)
npm http fetch GET 200 https://registry.npmjs.org/git-last-commit 1799ms (cache revalidated)
npm http fetch GET 200 https://registry.npmjs.org/browserstack-local 1839ms (cache revalidated)
npm http fetch GET 200 https://registry.npmjs.org/winston 1853ms (cache revalidated)
npm http fetch GET 200 https://registry.npmjs.org/cucumber 2105ms (cache revalidated)
npm http fetch GET 200 https://registry.npmjs.org/cucumber-tag-expressions 2120ms (cache revalidated)
npm http fetch GET 200 https://registry.npmjs.org/chokidar 2126ms (cache revalidated)
npm http fetch GET 200 https://registry.npmjs.org/gherkin 2198ms (cache revalidated)
npm http fetch GET 200 https://registry.npmjs.org/archiver-utils 587ms (cache revalidated)
npm http fetch GET 200 https://registry.npmjs.org/readdir-glob 584ms (cache revalidated)
npm http fetch GET 200 https://registry.npmjs.org/decompress-unzip 569ms (cache revalidated)
npm http fetch GET 200 https://registry.npmjs.org/decompress-tarbz2 572ms (cache revalidated)
npm http fetch GET 200 https://registry.npmjs.org/https-proxy-agent 586ms (cache revalidated)
npm http fetch GET 200 https://registry.npmjs.org/agent-base 580ms (cache revalidated)
npm http fetch GET 200 https://registry.npmjs.org/ansi-styles 581ms (cache revalidated)
npm http fetch GET 200 https://registry.npmjs.org/string-width 583ms (cache revalidated)
npm http fetch GET 200 https://registry.npmjs.org/zip-stream 599ms (cache revalidated)
npm http fetch GET 200 https://registry.npmjs.org/readable-stream 609ms (cache revalidated)
npm http fetch GET 200 https://registry.npmjs.org/tar-stream 622ms (cache revalidated)
npm http fetch GET 200 https://registry.npmjs.org/buffer-crc32 627ms (cache revalidated)
npm http fetch GET 200 https://registry.npmjs.org/graceful-fs 641ms (cache revalidated)
npm http fetch GET 200 https://registry.npmjs.org/jsonfile 646ms (cache revalidated)
npm http fetch GET 200 https://registry.npmjs.org/pify 658ms (cache revalidated)
npm http fetch GET 200 https://registry.npmjs.org/decompress-tar 664ms (cache revalidated)
npm http fetch GET 200 https://registry.npmjs.org/make-dir 663ms (cache revalidated)
npm http fetch GET 200 https://registry.npmjs.org/decompress-targz 666ms (cache revalidated)
npm http fetch GET 200 https://registry.npmjs.org/strip-dirs 664ms (cache revalidated)
npm http fetch GET 200 https://registry.npmjs.org/graceful-fs 683ms (cache revalidated)
npm http fetch GET 200 https://registry.npmjs.org/inflight 680ms (cache revalidated)
npm http fetch GET 200 https://registry.npmjs.org/universalify 685ms (cache revalidated)
npm http fetch GET 200 https://registry.npmjs.org/fs.realpath 684ms (cache revalidated)
npm http fetch GET 200 https://registry.npmjs.org/ini 686ms (cache revalidated)
npm http fetch GET 200 https://registry.npmjs.org/minimatch 683ms (cache revalidated)
npm http fetch GET 200 https://registry.npmjs.org/inherits 698ms (cache revalidated)
npm http fetch GET 200 https://registry.npmjs.org/browser-stdout 693ms (cache revalidated)
npm http fetch GET 200 https://registry.npmjs.org/he 688ms (cache revalidated)
npm http fetch GET 200 https://registry.npmjs.org/once 699ms (cache revalidated)
npm http fetch GET 200 https://registry.npmjs.org/find-up 694ms (cache revalidated)
npm http fetch GET 200 https://registry.npmjs.org/path-is-absolute 703ms (cache revalidated)
npm http fetch GET 200 https://registry.npmjs.org/yargs-parser 684ms (cache revalidated)
npm http fetch GET 200 https://registry.npmjs.org/yargs-unparser 712ms (cache revalidated)
npm http fetch GET 200 https://registry.npmjs.org/serialize-javascript 721ms (cache revalidated)
npm http fetch GET 200 https://registry.npmjs.org/nanoid 726ms (cache revalidated)
npm http fetch GET 200 https://registry.npmjs.org/escape-string-regexp 737ms (cache revalidated)
npm http fetch GET 200 https://registry.npmjs.org/ansi-colors 741ms (cache revalidated)
npm http fetch GET 200 https://registry.npmjs.org/strip-json-comments 732ms (cache revalidated)
npm http fetch GET 200 https://registry.npmjs.org/minimatch 742ms (cache revalidated)
npm http fetch GET 200 https://registry.npmjs.org/combined-stream 714ms (cache revalidated)
npm http fetch GET 200 https://registry.npmjs.org/ms 746ms (cache revalidated)
npm http fetch GET 200 https://registry.npmjs.org/aws-sign2 739ms (cache revalidated)
npm http fetch GET 200 https://registry.npmjs.org/event-pubsub 744ms (cache revalidated)
npm http fetch GET 200 https://registry.npmjs.org/js-yaml 768ms (cache revalidated)
npm http fetch GET 200 https://registry.npmjs.org/js-message 760ms (cache revalidated)
npm http fetch GET 200 https://registry.npmjs.org/extend 744ms (cache revalidated)
npm http fetch GET 200 https://registry.npmjs.org/aws4 761ms (cache revalidated)
npm http fetch GET 200 https://registry.npmjs.org/isstream 745ms (cache revalidated)
npm http fetch GET 200 https://registry.npmjs.org/is-typedarray 748ms (cache revalidated)
npm http fetch GET 200 https://registry.npmjs.org/performance-now 745ms (cache revalidated)
npm http fetch GET 200 https://registry.npmjs.org/forever-agent 764ms (cache revalidated)
npm http fetch GET 200 https://registry.npmjs.org/diff 806ms (cache revalidated)
npm http fetch GET 200 https://registry.npmjs.org/mime-types 765ms (cache revalidated)
npm http fetch GET 200 https://registry.npmjs.org/json-stringify-safe 781ms (cache revalidated)
npm http fetch GET 200 https://registry.npmjs.org/form-data 791ms (cache revalidated)
npm http fetch GET 200 https://registry.npmjs.org/tunnel-agent 772ms (cache revalidated)
npm http fetch GET 200 https://registry.npmjs.org/http-signature 792ms (cache revalidated)
npm http fetch GET 200 https://registry.npmjs.org/har-validator 797ms (cache revalidated)
npm http fetch GET 200 https://registry.npmjs.org/extend 790ms (cache revalidated)
npm http fetch GET 200 https://registry.npmjs.org/oauth-sign 808ms (cache revalidated)
npm http fetch GET 200 https://registry.npmjs.org/string-width 787ms (cache revalidated)
npm http fetch GET 200 https://registry.npmjs.org/import-lazy 784ms (cache revalidated)
npm http fetch GET 200 https://registry.npmjs.org/boxen 789ms (cache revalidated)
npm http fetch GET 200 https://registry.npmjs.org/qs 814ms (cache revalidated)
npm http fetch GET 200 https://registry.npmjs.org/has-yarn 793ms (cache revalidated)
npm http fetch GET 200 https://registry.npmjs.org/is-npm 795ms (cache revalidated)
npm http fetch GET 200 https://registry.npmjs.org/tough-cookie 823ms (cache revalidated)
npm http fetch GET 200 https://registry.npmjs.org/semver-diff 789ms (cache revalidated)
npm http fetch GET 200 https://registry.npmjs.org/isstream 762ms (cache revalidated)
npm http fetch GET 200 https://registry.npmjs.org/ajv 828ms (cache revalidated)
npm http fetch GET 200 https://registry.npmjs.org/configstore 846ms (cache revalidated)
npm http fetch GET 200 https://registry.npmjs.org/colors 822ms (cache revalidated)
npm http fetch GET 200 https://registry.npmjs.org/xdg-basedir 827ms (cache revalidated)
npm http fetch GET 200 https://registry.npmjs.org/decamelize 797ms (cache revalidated)
npm http fetch GET 200 https://registry.npmjs.org/is-yarn-global 857ms (cache revalidated)
npm http fetch GET 200 https://registry.npmjs.org/safe-buffer 895ms (cache revalidated)
npm http fetch GET 200 https://registry.npmjs.org/get-caller-file 816ms (cache revalidated)
npm http fetch GET 200 https://registry.npmjs.org/latest-version 867ms (cache revalidated)
npm http fetch GET 200 https://registry.npmjs.org/find-up 823ms (cache revalidated)
npm http fetch GET 200 https://registry.npmjs.org/cliui 832ms (cache revalidated)
npm http fetch GET 200 https://registry.npmjs.org/which-module 836ms (cache revalidated)
npm http fetch GET 200 https://registry.npmjs.org/require-directory 841ms (cache revalidated)
npm http fetch GET 200 https://registry.npmjs.org/yargs-parser 836ms (cache revalidated)
npm http fetch GET 200 https://registry.npmjs.org/set-blocking 844ms (cache revalidated)
npm http fetch GET 200 https://registry.npmjs.org/eyes 867ms (cache revalidated)
npm http fetch GET 200 https://registry.npmjs.org/pupa 898ms (cache revalidated)
npm http fetch GET 200 https://registry.npmjs.org/y18n 863ms (cache revalidated)
npm http fetch GET 200 https://registry.npmjs.org/require-main-filename 892ms (cache revalidated)
npm http fetch GET 200 https://registry.npmjs.org/caseless 1023ms (cache revalidated)
npm http fetch GET 200 https://registry.npmjs.org/cycle 968ms (cache revalidated)
npm http fetch GET 200 https://registry.npmjs.org/stack-trace 980ms (cache revalidated)
npm http fetch GET 200 https://registry.npmjs.org/ps-tree 1286ms (cache revalidated)
npm http fetch GET 200 https://registry.npmjs.org/temp-fs 1370ms (cache revalidated)
npm http fetch GET 200 https://registry.npmjs.org/is-running 1387ms (cache revalidated)
npm http fetch GET 200 https://registry.npmjs.org/js-queue 1585ms (cache revalidated)
npm http fetch GET 200 https://registry.npmjs.org/workerpool 1600ms (cache revalidated)
npm http fetch GET 200 https://registry.npmjs.org/slice-ansi 1759ms (cache revalidated)
npm http fetch GET 200 https://registry.npmjs.org/normalize-path 114ms (cache revalidated)
npm http fetch GET 200 https://registry.npmjs.org/util-deprecate 111ms (cache revalidated)
npm http fetch GET 200 https://registry.npmjs.org/compress-commons 124ms (cache revalidated)
npm http fetch GET 200 https://registry.npmjs.org/lodash.defaults 147ms (cache revalidated)
npm http fetch GET 200 https://registry.npmjs.org/string_decoder 143ms (cache revalidated)
npm http fetch GET 200 https://registry.npmjs.org/lodash.difference 166ms (cache revalidated)
npm http fetch GET 200 https://registry.npmjs.org/lodash.union 164ms (cache revalidated)
npm http fetch GET 200 https://registry.npmjs.org/end-of-stream 156ms (cache revalidated)
npm http fetch GET 200 https://registry.npmjs.org/bl 159ms (cache revalidated)
npm http fetch GET 200 https://registry.npmjs.org/fs-constants 167ms (cache revalidated)
npm http fetch GET 200 https://registry.npmjs.org/lodash.flatten 198ms (cache revalidated)
npm http fetch GET 200 https://registry.npmjs.org/lodash.isplainobject 198ms (cache revalidated)
npm http fetch GET 200 https://registry.npmjs.org/lazystream 375ms (cache revalidated)
npm http fetch GET 200 https://registry.npmjs.org/process-nextick-args 73ms (cache revalidated)
npm http fetch GET 200 https://registry.npmjs.org/core-util-is 82ms (cache revalidated)
npm http fetch GET 200 https://registry.npmjs.org/isarray 83ms (cache revalidated)
npm http fetch GET 200 https://registry.npmjs.org/event-stream 97ms (cache revalidated)
npm http fetch GET 200 https://registry.npmjs.org/rimraf 118ms (cache revalidated)
npm http fetch GET 200 https://registry.npmjs.org/has-flag 75ms (cache revalidated)
npm http fetch GET 200 https://registry.npmjs.org/color-convert 100ms (cache revalidated)
npm http fetch GET 200 https://registry.npmjs.org/color-name 102ms (cache revalidated)
npm http fetch GET 200 https://registry.npmjs.org/strip-ansi 82ms (cache revalidated)
npm http fetch GET 200 https://registry.npmjs.org/is-fullwidth-code-point 88ms (cache revalidated)
npm http fetch GET 200 https://registry.npmjs.org/emoji-regex 99ms (cache revalidated)
npm http fetch GET 200 https://registry.npmjs.org/signal-exit 174ms (cache revalidated)
npm http fetch GET 200 https://registry.npmjs.org/is-path-inside 165ms (cache revalidated)
npm http fetch GET 200 https://registry.npmjs.org/onetime 185ms (cache revalidated)
npm http fetch GET 200 https://registry.npmjs.org/get-stream 182ms (cache revalidated)
npm http fetch GET 200 https://registry.npmjs.org/ieee754 227ms (cache revalidated)
npm http fetch GET 200 https://registry.npmjs.org/get-stream 202ms (cache revalidated)
npm http fetch GET 200 https://registry.npmjs.org/is-stream 202ms (cache revalidated)
npm http fetch GET 200 https://registry.npmjs.org/lodash.once 239ms (cache revalidated)
npm http fetch GET 200 https://registry.npmjs.org/restore-cursor 232ms (cache revalidated)
npm http fetch GET 200 https://registry.npmjs.org/merge-stream 203ms (cache revalidated)
npm http fetch GET 200 https://registry.npmjs.org/npm-run-path 207ms (cache revalidated)
npm http fetch GET 200 https://registry.npmjs.org/at-least-node 204ms (cache revalidated)
npm http fetch GET 200 https://registry.npmjs.org/@types%2fyauzl 213ms (cache revalidated)
npm http fetch GET 200 https://registry.npmjs.org/rfdc 206ms (cache revalidated)
npm http fetch GET 200 https://registry.npmjs.org/human-signals 236ms (cache revalidated)
npm http fetch GET 200 https://registry.npmjs.org/cross-spawn 241ms (cache revalidated)
npm http fetch GET 200 https://registry.npmjs.org/base64-js 272ms (cache revalidated)
npm http fetch GET 200 https://registry.npmjs.org/lru-cache 198ms (cache revalidated)
npm http fetch GET 200 https://registry.npmjs.org/ci-info 249ms (cache revalidated)
npm http fetch GET 200 https://registry.npmjs.org/p-map 242ms (cache revalidated)
npm http fetch GET 200 https://registry.npmjs.org/wrap-ansi 233ms (cache revalidated)
npm http fetch GET 200 https://registry.npmjs.org/rxjs 241ms (cache revalidated)
npm http fetch GET 200 https://registry.npmjs.org/log-update 256ms (cache revalidated)
npm http fetch GET 200 https://registry.npmjs.org/colorette 258ms (cache revalidated)
npm http fetch GET 200 https://registry.npmjs.org/is-unicode-supported 235ms (cache revalidated)
npm http fetch GET 200 https://registry.npmjs.org/strip-final-newline 278ms (cache revalidated)
npm http fetch GET 200 https://registry.npmjs.org/global-dirs 266ms (cache revalidated)
npm http fetch GET 200 https://registry.npmjs.org/throttleit 241ms (cache revalidated)
npm http fetch GET 200 https://registry.npmjs.org/fd-slicer 249ms (cache revalidated)
npm http fetch GET 200 https://registry.npmjs.org/@colors%2fcolors 527ms (cache revalidated)
npm http fetch GET 200 https://registry.npmjs.org/cli-truncate 1175ms (cache revalidated)
npm http fetch GET 200 https://registry.npmjs.org/mime-db 75ms (cache revalidated)
npm http fetch GET 200 https://registry.npmjs.org/asynckit 102ms (cache revalidated)
npm http fetch GET 200 https://registry.npmjs.org/jsprim 100ms (cache revalidated)
npm http fetch GET 200 https://registry.npmjs.org/assert-plus 104ms (cache revalidated)
npm http fetch GET 200 https://registry.npmjs.org/punycode 87ms (cache revalidated)
npm http fetch GET 200 https://registry.npmjs.org/delayed-stream 116ms (cache revalidated)
npm http fetch GET 200 https://registry.npmjs.org/psl 98ms (cache revalidated)
npm http fetch GET 200 https://registry.npmjs.org/sshpk 112ms (cache revalidated)
npm http fetch GET 200 https://registry.npmjs.org/side-channel 117ms (cache revalidated)
npm http fetch GET 200 https://registry.npmjs.org/url-parse 107ms (cache revalidated)
npm http fetch GET 200 https://registry.npmjs.org/get-func-name 179ms (cache revalidated)
npm http fetch GET 200 https://registry.npmjs.org/@babel%2fcore 195ms (cache revalidated)
npm http fetch GET 200 https://registry.npmjs.org/through2 192ms (cache revalidated)
npm http fetch GET 200 https://registry.npmjs.org/@babel%2fpreset-env 202ms (cache revalidated)
npm http fetch GET 200 https://registry.npmjs.org/@babel%2fruntime 225ms (cache revalidated)
npm http fetch GET 200 https://registry.npmjs.org/@babel%2fplugin-proposal-class-properties 242ms (cache revalidated)
npm http fetch GET 200 https://registry.npmjs.org/coffeescript 237ms (cache revalidated)
npm http fetch GET 200 https://registry.npmjs.org/babel-plugin-add-module-exports 244ms (cache revalidated)
npm http fetch GET 200 https://registry.npmjs.org/@babel%2fplugin-proposal-object-rest-spread 251ms (cache revalidated)
npm http fetch GET 200 https://registry.npmjs.org/@babel%2fplugin-transform-runtime 285ms (cache revalidated)
npm http fetch GET 200 https://registry.npmjs.org/lodash.clonedeep 293ms (cache revalidated)
npm http fetch GET 200 https://registry.npmjs.org/check-error 292ms (cache revalidated)
npm http fetch GET 200 https://registry.npmjs.org/@babel%2fpreset-react 302ms (cache revalidated)
npm http fetch GET 200 https://registry.npmjs.org/type-detect 335ms (cache revalidated)
npm http fetch GET 200 https://registry.npmjs.org/is-binary-path 341ms (cache revalidated)
npm http fetch GET 200 https://registry.npmjs.org/assertion-error 349ms (cache revalidated)
npm http fetch GET 200 https://registry.npmjs.org/glob-parent 343ms (cache revalidated)
npm http fetch GET 200 https://registry.npmjs.org/readdirp 343ms (cache revalidated)
npm http fetch GET 200 https://registry.npmjs.org/pathval 355ms (cache revalidated)
npm http fetch GET 200 https://registry.npmjs.org/braces 361ms (cache revalidated)
npm http fetch GET 200 https://registry.npmjs.org/require-from-string 365ms (cache revalidated)
npm http fetch GET 200 https://registry.npmjs.org/babelify 385ms (cache revalidated)
npm http fetch GET 200 https://registry.npmjs.org/loupe 383ms (cache revalidated)
npm http fetch GET 200 https://registry.npmjs.org/anymatch 390ms (cache revalidated)
npm http fetch GET 200 https://registry.npmjs.org/indent-string 375ms (cache revalidated)
npm http fetch GET 200 https://registry.npmjs.org/is-generator 376ms (cache revalidated)
npm http fetch GET 200 https://registry.npmjs.org/is-glob 391ms (cache revalidated)
npm http fetch GET 200 https://registry.npmjs.org/parse-json 387ms (cache revalidated)
npm http fetch GET 200 https://registry.npmjs.org/fsevents 391ms (cache revalidated)
npm http fetch GET 200 https://registry.npmjs.org/is-directory 393ms (cache revalidated)
npm http fetch GET 200 https://registry.npmjs.org/babel-runtime 391ms (cache revalidated)
npm http fetch GET 200 https://registry.npmjs.org/progress 388ms (cache revalidated)
npm http fetch GET 200 https://registry.npmjs.org/mz 415ms (cache revalidated)
npm http fetch GET 200 https://registry.npmjs.org/serialize-error 412ms (cache revalidated)
npm http fetch GET 200 https://registry.npmjs.org/duration 421ms (cache revalidated)
npm http fetch GET 200 https://registry.npmjs.org/browserify 449ms (cache revalidated)
npm http fetch GET 200 https://registry.npmjs.org/resolve 451ms (cache revalidated)
npm http fetch GET 200 https://registry.npmjs.org/title-case 449ms (cache revalidated)
npm http fetch GET 200 https://registry.npmjs.org/string-argv 451ms (cache revalidated)
npm http fetch GET 200 https://registry.npmjs.org/verror 449ms (cache revalidated)
npm http fetch GET 200 https://registry.npmjs.org/knuth-shuffle-seeded 485ms (cache revalidated)
npm http fetch GET 200 https://registry.npmjs.org/cli-table 491ms (cache revalidated)
npm http fetch GET 200 https://registry.npmjs.org/deep-eql 511ms (cache revalidated)
npm http fetch GET 200 https://registry.npmjs.org/stacktrace-js 638ms (cache revalidated)
npm http fetch GET 200 https://registry.npmjs.org/watchify 1030ms (cache revalidated)
npm http fetch GET 200 https://registry.npmjs.org/coffeeify 1087ms (cache revalidated)
npm http fetch GET 200 https://registry.npmjs.org/util-arity 1257ms (cache revalidated)
npm http fetch GET 200 https://registry.npmjs.org/stack-chain 1266ms (cache revalidated)
npm http fetch GET 200 https://registry.npmjs.org/assertion-error-formatter 1287ms (cache revalidated)
npm http fetch GET 200 https://registry.npmjs.org/becke-ch--regex--s0-0-v1--base--pl--lib 1279ms (cache revalidated)
npm http fetch GET 200 https://registry.npmjs.org/json5 724ms (cache revalidated)
npm http fetch GET 200 https://registry.npmjs.org/@babel%2fhelper-compilation-targets 733ms (cache revalidated)
npm http fetch GET 200 https://registry.npmjs.org/@babel%2ftraverse 732ms (cache revalidated)
npm http fetch GET 200 https://registry.npmjs.org/@babel%2fcompat-data 732ms (cache revalidated)
npm http fetch GET 200 https://registry.npmjs.org/@babel%2fhelper-plugin-utils 737ms (cache revalidated)
npm http fetch GET 200 https://registry.npmjs.org/gensync 743ms (cache revalidated)
npm http fetch GET 200 https://registry.npmjs.org/convert-source-map 747ms (cache revalidated)
npm http fetch GET 200 https://registry.npmjs.org/@babel%2ftypes 749ms (cache revalidated)
npm http fetch GET 200 https://registry.npmjs.org/@babel%2fgenerator 758ms (cache revalidated)
npm http fetch GET 200 https://registry.npmjs.org/@babel%2fcode-frame 764ms (cache revalidated)
npm http fetch GET 200 https://registry.npmjs.org/@babel%2fhelper-module-transforms 766ms (cache revalidated)
npm http fetch GET 200 https://registry.npmjs.org/@babel%2fhelper-create-class-features-plugin 763ms (cache revalidated)
npm http fetch GET 200 https://registry.npmjs.org/@babel%2ftemplate 771ms (cache revalidated)
npm http fetch GET 200 https://registry.npmjs.org/@babel%2fparser 774ms (cache revalidated)
npm http fetch GET 200 https://registry.npmjs.org/@babel%2fcompat-data 790ms (cache revalidated)
npm http fetch GET 200 https://registry.npmjs.org/@babel%2fhelper-plugin-utils 799ms (cache revalidated)
npm http fetch GET 200 https://registry.npmjs.org/@babel%2fhelper-plugin-utils 805ms (cache revalidated)
npm http fetch GET 200 https://registry.npmjs.org/@ampproject%2fremapping 821ms (cache revalidated)
npm http fetch GET 200 https://registry.npmjs.org/@babel%2fhelper-compilation-targets 811ms (cache revalidated)
npm http fetch GET 200 https://registry.npmjs.org/@babel%2fplugin-transform-parameters 812ms (cache revalidated)
npm http fetch GET 200 https://registry.npmjs.org/@babel%2fhelper-module-imports 814ms (cache revalidated)
npm http fetch GET 200 https://registry.npmjs.org/babel-plugin-polyfill-corejs3 816ms (cache revalidated)
npm http fetch GET 200 https://registry.npmjs.org/@babel%2fplugin-syntax-object-rest-spread 824ms (cache revalidated)
npm http fetch GET 200 https://registry.npmjs.org/babel-plugin-polyfill-corejs2 870ms (cache revalidated)
npm http fetch GET 200 https://registry.npmjs.org/@babel%2fhelper-validator-option 867ms (cache revalidated)
npm http fetch GET 200 https://registry.npmjs.org/@babel%2fplugin-bugfix-v8-spread-parameters-in-optional-chaining 869ms (cache revalidated)
npm http fetch GET 200 https://registry.npmjs.org/@babel%2fhelpers 891ms (cache revalidated)
npm http fetch GET 200 https://registry.npmjs.org/@babel%2fplugin-bugfix-safari-id-destructuring-collision-in-function-expression 877ms (cache revalidated)
npm http fetch GET 200 https://registry.npmjs.org/babel-plugin-polyfill-regenerator 882ms (cache revalidated)
npm http fetch GET 200 https://registry.npmjs.org/@babel%2fplugin-syntax-class-static-block 885ms (cache revalidated)
npm http fetch GET 200 https://registry.npmjs.org/@babel%2fplugin-syntax-numeric-separator 880ms (cache revalidated)
npm http fetch GET 200 https://registry.npmjs.org/@babel%2fplugin-syntax-import-assertions 887ms (cache revalidated)
npm http fetch GET 200 https://registry.npmjs.org/@babel%2fplugin-syntax-async-generators 905ms (cache revalidated)
npm http fetch GET 200 https://registry.npmjs.org/@babel%2fplugin-syntax-unicode-sets-regex 896ms (cache revalidated)
npm http fetch GET 200 https://registry.npmjs.org/@babel%2fplugin-proposal-private-property-in-object 911ms (cache revalidated)
npm http fetch GET 200 https://registry.npmjs.org/@babel%2fplugin-syntax-dynamic-import 911ms (cache revalidated)
npm http fetch GET 200 https://registry.npmjs.org/@babel%2fplugin-syntax-class-properties 914ms (cache revalidated)
npm http fetch GET 200 https://registry.npmjs.org/@babel%2fplugin-syntax-export-namespace-from 914ms (cache revalidated)
npm http fetch GET 200 https://registry.npmjs.org/@babel%2fplugin-syntax-nullish-coalescing-operator 945ms (cache revalidated)
npm http fetch GET 200 https://registry.npmjs.org/@babel%2fplugin-syntax-import-meta 951ms (cache revalidated)
npm http fetch GET 200 https://registry.npmjs.org/@babel%2fplugin-syntax-optional-catch-binding 949ms (cache revalidated)
npm http fetch GET 200 https://registry.npmjs.org/@babel%2fplugin-transform-arrow-functions 948ms (cache revalidated)
npm http fetch GET 200 https://registry.npmjs.org/@babel%2fplugin-syntax-logical-assignment-operators 958ms (cache revalidated)
npm http fetch GET 200 https://registry.npmjs.org/@babel%2fplugin-syntax-private-property-in-object 981ms (cache revalidated)
npm http fetch GET 200 https://registry.npmjs.org/@babel%2fplugin-transform-class-properties 975ms (cache revalidated)
npm http fetch GET 200 https://registry.npmjs.org/@babel%2fplugin-transform-class-static-block 976ms (cache revalidated)
npm http fetch GET 200 https://registry.npmjs.org/@babel%2fplugin-transform-block-scoped-functions 981ms (cache revalidated)
npm http fetch GET 200 https://registry.npmjs.org/@babel%2fplugin-transform-block-scoping 982ms (cache revalidated)
npm http fetch GET 200 https://registry.npmjs.org/@babel%2fplugin-transform-async-to-generator 989ms (cache revalidated)
npm http fetch GET 200 https://registry.npmjs.org/@babel%2fplugin-transform-async-generator-functions 1012ms (cache revalidated)
npm http fetch GET 200 https://registry.npmjs.org/@babel%2fplugin-transform-dotall-regex 1004ms (cache revalidated)
npm http fetch GET 200 https://registry.npmjs.org/@babel%2fplugin-syntax-top-level-await 1018ms (cache revalidated)
npm http fetch GET 200 https://registry.npmjs.org/@babel%2fplugin-syntax-json-strings 1025ms (cache revalidated)
npm http fetch GET 200 https://registry.npmjs.org/@babel%2fplugin-transform-exponentiation-operator 1090ms (cache revalidated)
npm http fetch GET 200 https://registry.npmjs.org/@babel%2fplugin-transform-modules-amd 1077ms (cache revalidated)
npm http fetch GET 200 https://registry.npmjs.org/@babel%2fplugin-transform-json-strings 1083ms (cache revalidated)
npm http fetch GET 200 https://registry.npmjs.org/@babel%2fplugin-transform-logical-assignment-operators 1084ms (cache revalidated)
npm http fetch GET 200 https://registry.npmjs.org/@babel%2fplugin-transform-classes 1108ms (cache revalidated)
npm http fetch GET 200 https://registry.npmjs.org/@babel%2fplugin-transform-for-of 1105ms (cache revalidated)
npm http fetch GET 200 https://registry.npmjs.org/@babel%2fplugin-transform-computed-properties 1118ms (cache revalidated)
npm http fetch GET 200 https://registry.npmjs.org/@babel%2fplugin-transform-duplicate-keys 1118ms (cache revalidated)
npm http fetch GET 200 https://registry.npmjs.org/@babel%2fplugin-transform-dynamic-import 1126ms (cache revalidated)
npm http fetch GET 200 https://registry.npmjs.org/@babel%2fplugin-transform-destructuring 1132ms (cache revalidated)
npm http fetch GET 200 https://registry.npmjs.org/@babel%2fplugin-transform-function-name 1136ms (cache revalidated)
npm http fetch GET 200 https://registry.npmjs.org/@babel%2fplugin-transform-literals 1127ms (cache revalidated)
npm http fetch GET 200 https://registry.npmjs.org/@babel%2fplugin-transform-new-target 1125ms (cache revalidated)
npm http fetch GET 200 https://registry.npmjs.org/@babel%2fplugin-transform-object-rest-spread 1183ms (cache revalidated)
npm http fetch GET 200 https://registry.npmjs.org/@babel%2fplugin-transform-object-super 1183ms (cache revalidated)
npm http fetch GET 200 https://registry.npmjs.org/@babel%2fplugin-transform-numeric-separator 1187ms (cache revalidated)
npm http fetch GET 200 https://registry.npmjs.org/@babel%2fplugin-transform-parameters 1186ms (cache revalidated)
npm http fetch GET 200 https://registry.npmjs.org/@babel%2fplugin-transform-modules-commonjs 1197ms (cache revalidated)
npm http fetch GET 200 https://registry.npmjs.org/@babel%2fplugin-transform-member-expression-literals 1201ms (cache revalidated)
npm http fetch GET 200 https://registry.npmjs.org/@babel%2fplugin-transform-modules-systemjs 1201ms (cache revalidated)
npm http fetch GET 200 https://registry.npmjs.org/@babel%2fplugin-transform-modules-umd 1204ms (cache revalidated)
npm http fetch GET 200 https://registry.npmjs.org/@babel%2fplugin-transform-nullish-coalescing-operator 1223ms (cache revalidated)
npm http fetch GET 200 https://registry.npmjs.org/@babel%2fplugin-transform-named-capturing-groups-regex 1230ms (cache revalidated)
npm http fetch GET 200 https://registry.npmjs.org/@babel%2fplugin-transform-private-methods 1227ms (cache revalidated)
npm http fetch GET 200 https://registry.npmjs.org/@babel%2fplugin-transform-private-property-in-object 1228ms (cache revalidated)
npm http fetch GET 200 https://registry.npmjs.org/@babel%2fplugin-transform-reserved-words 1226ms (cache revalidated)
npm http fetch GET 200 https://registry.npmjs.org/@babel%2fplugin-transform-optional-catch-binding 1250ms (cache revalidated)
npm http fetch GET 200 https://registry.npmjs.org/@babel%2fplugin-transform-regenerator 1246ms (cache revalidated)
npm http fetch GET 200 https://registry.npmjs.org/@babel%2fplugin-transform-sticky-regex 1246ms (cache revalidated)
npm http fetch GET 200 https://registry.npmjs.org/@babel%2fplugin-transform-property-literals 1267ms (cache revalidated)
npm http fetch GET 200 https://registry.npmjs.org/@babel%2fplugin-transform-optional-chaining 1273ms (cache revalidated)
npm http fetch GET 200 https://registry.npmjs.org/@babel%2fplugin-transform-template-literals 1280ms (cache revalidated)
npm http fetch GET 200 https://registry.npmjs.org/@babel%2fplugin-transform-shorthand-properties 1285ms (cache revalidated)
npm http fetch GET 200 https://registry.npmjs.org/@babel%2fplugin-transform-unicode-regex 1284ms (cache revalidated)
npm http fetch GET 200 https://registry.npmjs.org/@babel%2fplugin-transform-spread 1290ms (cache revalidated)
npm http fetch GET 200 https://registry.npmjs.org/@babel%2fplugin-transform-unicode-property-regex 1328ms (cache revalidated)
npm http fetch GET 200 https://registry.npmjs.org/@babel%2fplugin-transform-unicode-escapes 1331ms (cache revalidated)
npm http fetch GET 200 https://registry.npmjs.org/@babel%2fplugin-transform-react-jsx 1323ms (cache revalidated)
npm http fetch GET 200 https://registry.npmjs.org/@babel%2fpreset-modules 1340ms (cache revalidated)
npm http fetch GET 200 https://registry.npmjs.org/@babel%2fplugin-transform-react-display-name 1359ms (cache revalidated)
npm http fetch GET 200 https://registry.npmjs.org/@babel%2fplugin-transform-typeof-symbol 1378ms (cache revalidated)
npm http fetch GET 200 https://registry.npmjs.org/@babel%2fplugin-transform-react-jsx-development 1362ms (cache revalidated)
npm http fetch GET 200 https://registry.npmjs.org/@babel%2ftypes 1378ms (cache revalidated)
npm http fetch GET 200 https://registry.npmjs.org/@babel%2fplugin-transform-unicode-sets-regex 1385ms (cache revalidated)
npm http fetch GET 200 https://registry.npmjs.org/regenerator-runtime 1369ms (cache revalidated)
npm http fetch GET 200 https://registry.npmjs.org/@babel%2fplugin-transform-react-pure-annotations 1371ms (cache revalidated)
npm http fetch GET 200 https://registry.npmjs.org/assert 1377ms (cache revalidated)
npm http fetch GET 200 https://registry.npmjs.org/core-js-compat 1401ms (cache revalidated)
npm http fetch GET 200 https://registry.npmjs.org/JSONStream 1389ms (cache revalidated)
npm http fetch GET 200 https://registry.npmjs.org/@babel%2fplugin-syntax-optional-chaining 1465ms (cache revalidated)
npm http fetch GET 200 https://registry.npmjs.org/console-browserify 1395ms (cache revalidated)
npm http fetch GET 200 https://registry.npmjs.org/browser-resolve 1406ms (cache revalidated)
npm http fetch GET 200 https://registry.npmjs.org/concat-stream 1405ms (cache revalidated)
npm http fetch GET 200 https://registry.npmjs.org/crypto-browserify 1407ms (cache revalidated)
npm http fetch GET 200 https://registry.npmjs.org/constants-browserify 1425ms (cache revalidated)
npm http fetch GET 200 https://registry.npmjs.org/browserify-zlib 1433ms (cache revalidated)
npm http fetch GET 200 https://registry.npmjs.org/defined 1429ms (cache revalidated)
npm http fetch GET 200 https://registry.npmjs.org/mkdirp-classic 1422ms (cache revalidated)
npm http fetch GET 200 https://registry.npmjs.org/events 1429ms (cache revalidated)
npm http fetch GET 200 https://registry.npmjs.org/has 1429ms (cache revalidated)
npm http fetch GET 200 https://registry.npmjs.org/htmlescape 1429ms (cache revalidated)
npm http fetch GET 200 https://registry.npmjs.org/duplexer2 1433ms (cache revalidated)
npm http fetch GET 200 https://registry.npmjs.org/os-browserify 1429ms (cache revalidated)
npm http fetch GET 200 https://registry.npmjs.org/https-browserify 1436ms (cache revalidated)
npm http fetch GET 200 https://registry.npmjs.org/domain-browser 1450ms (cache revalidated)
npm http fetch GET 200 https://registry.npmjs.org/timers-browserify 1421ms (cache revalidated)
npm http fetch GET 200 https://registry.npmjs.org/path-browserify 1449ms (cache revalidated)
npm http fetch GET 200 https://registry.npmjs.org/module-deps 1452ms (cache revalidated)
npm http fetch GET 200 https://registry.npmjs.org/stream-browserify 1439ms (cache revalidated)
npm http fetch GET 200 https://registry.npmjs.org/shasum 1486ms (cache revalidated)
npm http fetch GET 200 https://registry.npmjs.org/read-only-stream 1542ms (cache revalidated)
npm http fetch GET 200 https://registry.npmjs.org/labeled-stream-splicer 1553ms (cache revalidated)
npm http fetch GET 200 https://registry.npmjs.org/deps-sort 1561ms (cache revalidated)
npm http fetch GET 200 https://registry.npmjs.org/shell-quote 1537ms (cache revalidated)
npm http fetch GET 200 https://registry.npmjs.org/tty-browserify 1529ms (cache revalidated)
npm http fetch GET 200 https://registry.npmjs.org/stream-http 1538ms (cache revalidated)
npm http fetch GET 200 https://registry.npmjs.org/parents 1562ms (cache revalidated)
npm http fetch GET 200 https://registry.npmjs.org/convert-source-map 1498ms (cache revalidated)
npm http fetch GET 200 https://registry.npmjs.org/xtend 1499ms (cache revalidated)
npm http fetch GET 200 https://registry.npmjs.org/vm-browserify 1511ms (cache revalidated)
npm http fetch GET 200 https://registry.npmjs.org/xtend 1514ms (cache revalidated)
npm http fetch GET 200 https://registry.npmjs.org/url 1552ms (cache revalidated)
npm http fetch GET 200 https://registry.npmjs.org/xtend 1509ms (cache revalidated)
npm http fetch GET 200 https://registry.npmjs.org/querystring-es3 1584ms (cache revalidated)
npm http fetch GET 200 https://registry.npmjs.org/util 1570ms (cache revalidated)
npm http fetch GET 200 https://registry.npmjs.org/subarg 1735ms (cache revalidated)
npm http fetch GET 200 https://registry.npmjs.org/@babel%2fplugin-transform-export-namespace-from 2177ms (cache revalidated)
npm http fetch GET 200 https://registry.npmjs.org/cached-path-relative 2210ms (cache revalidated)
npm http fetch GET 200 https://registry.npmjs.org/browser-pack 2214ms (cache revalidated)
npm http fetch GET 200 https://registry.npmjs.org/insert-module-globals 2337ms (cache revalidated)
npm http fetch GET 200 https://registry.npmjs.org/syntax-error 2331ms (cache revalidated)
npm http fetch GET 200 https://registry.npmjs.org/outpipe 2334ms (cache revalidated)
npm http fetch GET 200 https://registry.npmjs.org/@babel%2fplugin-syntax-import-attributes 2683ms (cache revalidated)
npm http fetch GET 200 https://registry.npmjs.org/browserslist 114ms (cache revalidated)
npm http fetch GET 200 https://registry.npmjs.org/to-fast-properties 114ms (cache revalidated)
npm http fetch GET 200 https://registry.npmjs.org/@babel%2fhighlight 141ms (cache revalidated)
npm http fetch GET 200 https://registry.npmjs.org/@babel%2fhelper-string-parser 126ms (cache revalidated)
npm http fetch GET 200 https://registry.npmjs.org/@jridgewell%2ftrace-mapping 149ms (cache revalidated)
npm http fetch GET 200 https://registry.npmjs.org/globals 130ms (cache revalidated)
npm http fetch GET 200 https://registry.npmjs.org/@jridgewell%2fgen-mapping 154ms (cache revalidated)
npm http fetch GET 200 https://registry.npmjs.org/jsesc 153ms (cache revalidated)
npm http fetch GET 200 https://registry.npmjs.org/@babel%2fhelper-hoist-variables 142ms (cache revalidated)
npm http fetch GET 200 https://registry.npmjs.org/@babel%2fhelper-simple-access 153ms (cache revalidated)
npm http fetch GET 200 https://registry.npmjs.org/@babel%2fhelper-environment-visitor 159ms (cache revalidated)
npm http fetch GET 200 https://registry.npmjs.org/@jridgewell%2ftrace-mapping 167ms (cache revalidated)
npm http fetch GET 200 https://registry.npmjs.org/@babel%2fhelper-validator-identifier 160ms (cache revalidated)
npm http fetch GET 200 https://registry.npmjs.org/@jridgewell%2fgen-mapping 184ms (cache revalidated)
npm http fetch GET 200 https://registry.npmjs.org/@babel%2fhelper-function-name 171ms (cache revalidated)
npm http fetch GET 200 https://registry.npmjs.org/@babel%2fhelper-split-export-declaration 181ms (cache revalidated)
npm http fetch GET 200 https://registry.npmjs.org/@jridgewell%2fsourcemap-codec 75ms (cache revalidated)
npm http fetch GET 200 https://registry.npmjs.org/@jridgewell%2fsourcemap-codec 100ms (cache revalidated)
npm http fetch GET 200 https://registry.npmjs.org/@jridgewell%2fset-array 114ms (cache revalidated)
npm http fetch GET 200 https://registry.npmjs.org/@jridgewell%2fresolve-uri 123ms (cache revalidated)
npm http fetch GET 200 https://registry.npmjs.org/js-tokens 98ms (cache revalidated)
npm http fetch GET 200 https://registry.npmjs.org/update-browserslist-db 65ms (cache revalidated)
npm http fetch GET 200 https://registry.npmjs.org/electron-to-chromium 90ms (cache revalidated)
npm http fetch GET 200 https://registry.npmjs.org/yallist 105ms (cache revalidated)
npm http fetch GET 200 https://registry.npmjs.org/node-releases 110ms (cache revalidated)
npm http fetch GET 200 https://registry.npmjs.org/caniuse-lite 146ms (cache revalidated)
npm http fetch GET 200 https://registry.npmjs.org/@babel%2fhelper-skip-transparent-expression-wrappers 73ms (cache revalidated)
npm http fetch GET 200 https://registry.npmjs.org/@babel%2fhelper-optimise-call-expression 80ms (cache revalidated)
npm http fetch GET 200 https://registry.npmjs.org/@babel%2fhelper-member-expression-to-functions 105ms (cache revalidated)
npm http fetch GET 200 https://registry.npmjs.org/@babel%2fhelper-annotate-as-pure 117ms (cache revalidated)
npm http fetch GET 200 https://registry.npmjs.org/@babel%2fhelper-replace-supers 265ms (cache revalidated)
npm http fetch GET 200 https://registry.npmjs.org/@babel%2fhelper-define-polyfill-provider 96ms (cache revalidated)
npm http fetch GET 200 https://registry.npmjs.org/regenerator-transform 89ms (cache revalidated)
npm http fetch GET 200 https://registry.npmjs.org/@babel%2fhelper-builder-binary-assignment-operator-visitor 97ms (cache revalidated)
npm http fetch GET 200 https://registry.npmjs.org/@babel%2fhelper-create-regexp-features-plugin 124ms (cache revalidated)
npm http fetch GET 200 https://registry.npmjs.org/@babel%2fhelper-create-regexp-features-plugin 128ms (cache revalidated)
npm http fetch GET 200 https://registry.npmjs.org/@babel%2fhelper-remap-async-to-generator 133ms (cache revalidated)
npm http fetch GET 200 https://registry.npmjs.org/@babel%2fhelper-remap-async-to-generator 139ms (cache revalidated)
npm http fetch GET 200 https://registry.npmjs.org/esutils 150ms (cache revalidated)
npm http fetch GET 200 https://registry.npmjs.org/regexpu-core 93ms (cache revalidated)
npm http fetch GET 200 https://registry.npmjs.org/regjsparser 72ms (cache revalidated)
npm http fetch GET 200 https://registry.npmjs.org/regenerate-unicode-properties 78ms (cache revalidated)
npm http fetch GET 200 https://registry.npmjs.org/unicode-match-property-ecmascript 81ms (cache revalidated)
npm http fetch GET 200 https://registry.npmjs.org/@babel%2fregjsgen 83ms (cache revalidated)
npm http fetch GET 200 https://registry.npmjs.org/regenerate 84ms (cache revalidated)
npm http fetch GET 200 https://registry.npmjs.org/unicode-match-property-value-ecmascript 101ms (cache revalidated)
npm http fetch GET 200 https://registry.npmjs.org/@babel%2fhelper-wrap-function 63ms (cache revalidated)
npm http fetch GET 200 https://registry.npmjs.org/@babel%2fplugin-syntax-jsx 96ms (cache revalidated)
npm http fetch GET 200 https://registry.npmjs.org/lodash.debounce 87ms (cache revalidated)
npm http fetch GET 200 https://registry.npmjs.org/path-parse 78ms (cache revalidated)
npm http fetch GET 200 https://registry.npmjs.org/is-core-module 103ms (cache revalidated)
npm http fetch GET 200 https://registry.npmjs.org/supports-preserve-symlinks-flag 140ms (cache revalidated)
npm http fetch GET 200 https://registry.npmjs.org/pako 149ms (cache revalidated)
npm http fetch GET 200 https://registry.npmjs.org/create-hash 149ms (cache revalidated)
npm http fetch GET 200 https://registry.npmjs.org/create-hmac 154ms (cache revalidated)
npm http fetch GET 200 https://registry.npmjs.org/randombytes 149ms (cache revalidated)
npm http fetch GET 200 https://registry.npmjs.org/browserify-cipher 166ms (cache revalidated)
npm http fetch GET 200 https://registry.npmjs.org/browserify-sign 166ms (cache revalidated)
npm http fetch GET 200 https://registry.npmjs.org/umd 181ms (cache revalidated)
npm http fetch GET 200 https://registry.npmjs.org/buffer-from 179ms (cache revalidated)
npm http fetch GET 200 https://registry.npmjs.org/object.assign 192ms (cache revalidated)
npm http fetch GET 200 https://registry.npmjs.org/typedarray 183ms (cache revalidated)
npm http fetch GET 200 https://registry.npmjs.org/combine-source-map 159ms (cache revalidated)
npm http fetch GET 200 https://registry.npmjs.org/randomfill 170ms (cache revalidated)
npm http fetch GET 200 https://registry.npmjs.org/function-bind 169ms (cache revalidated)
npm http fetch GET 200 https://registry.npmjs.org/create-ecdh 193ms (cache revalidated)
npm http fetch GET 200 https://registry.npmjs.org/diffie-hellman 190ms (cache revalidated)
npm http fetch GET 200 https://registry.npmjs.org/public-encrypt 191ms (cache revalidated)
npm http fetch GET 200 https://registry.npmjs.org/pbkdf2 207ms (cache revalidated)
npm http fetch GET 200 https://registry.npmjs.org/detective 192ms (cache revalidated)
npm http fetch GET 200 https://registry.npmjs.org/is-buffer 202ms (cache revalidated)
npm http fetch GET 200 https://registry.npmjs.org/shasum-object 215ms (cache revalidated)
npm http fetch GET 200 https://registry.npmjs.org/acorn-node 213ms (cache revalidated)
npm http fetch GET 200 https://registry.npmjs.org/acorn-node 193ms (cache revalidated)
npm http fetch GET 200 https://registry.npmjs.org/json-stable-stringify 204ms (cache revalidated)
npm http fetch GET 200 https://registry.npmjs.org/sha.js 232ms (cache revalidated)
npm http fetch GET 200 https://registry.npmjs.org/stream-combiner2 241ms (cache revalidated)
npm http fetch GET 200 https://registry.npmjs.org/path-platform 240ms (cache revalidated)
npm http fetch GET 200 https://registry.npmjs.org/builtin-status-codes 250ms (cache revalidated)
npm http fetch GET 200 https://registry.npmjs.org/jsonparse 317ms (cache revalidated)
npm http fetch GET 200 https://registry.npmjs.org/combine-source-map 1049ms (cache revalidated)
npm http fetch GET 200 https://registry.npmjs.org/undeclared-identifiers 1119ms (cache revalidated)
npm http fetch GET 200 https://registry.npmjs.org/stream-splicer 1117ms (cache revalidated)
npm http fetch GET 200 https://registry.npmjs.org/object-keys 82ms (cache revalidated)
npm http fetch GET 200 https://registry.npmjs.org/call-bind 87ms (cache revalidated)
npm http fetch GET 200 https://registry.npmjs.org/has-symbols 108ms (cache revalidated)
npm http fetch GET 200 https://registry.npmjs.org/define-properties 110ms (cache revalidated)
npm http fetch GET 200 https://registry.npmjs.org/source-map 49ms (cache revalidated)
npm http fetch GET 200 https://registry.npmjs.org/inline-source-map 82ms (cache revalidated)
npm http fetch GET 200 https://registry.npmjs.org/lodash.memoize 81ms (cache revalidated)
npm http fetch GET 200 https://registry.npmjs.org/escalade 64ms (cache revalidated)
npm http fetch GET 200 https://registry.npmjs.org/picocolors 65ms (cache revalidated)
npm http fetch GET 200 https://registry.npmjs.org/fill-range 57ms (cache revalidated)
npm http fetch GET 200 https://registry.npmjs.org/is-extglob 64ms (cache revalidated)
npm http fetch GET 200 https://registry.npmjs.org/picomatch 66ms (cache revalidated)
npm http fetch GET 200 https://registry.npmjs.org/picomatch 70ms (cache revalidated)
npm http fetch GET 200 https://registry.npmjs.org/binary-extensions 84ms (cache revalidated)
npm http fetch GET 200 https://registry.npmjs.org/to-regex-range 64ms (cache revalidated)
npm http fetch GET 200 https://registry.npmjs.org/json-parse-better-errors 57ms (cache revalidated)
npm http fetch GET 200 https://registry.npmjs.org/esprima 66ms (cache revalidated)
npm http fetch GET 200 https://registry.npmjs.org/argparse 84ms (cache revalidated)
npm http fetch GET 200 https://registry.npmjs.org/error-ex 83ms (cache revalidated)
npm http fetch GET 200 https://registry.npmjs.org/browserify-des 75ms (cache revalidated)
npm http fetch GET 200 https://registry.npmjs.org/browserify-rsa 71ms (cache revalidated)
npm http fetch GET 200 https://registry.npmjs.org/parse-asn1 74ms (cache revalidated)
npm http fetch GET 200 https://registry.npmjs.org/browserify-aes 92ms (cache revalidated)
npm http fetch GET 200 https://registry.npmjs.org/cipher-base 78ms (cache revalidated)
npm http fetch GET 200 https://registry.npmjs.org/evp_bytestokey 95ms (cache revalidated)
npm http fetch GET 200 https://registry.npmjs.org/elliptic 93ms (cache revalidated)
npm http fetch GET 200 https://registry.npmjs.org/bn.js 97ms (cache revalidated)
npm http fetch GET 200 https://registry.npmjs.org/browserify-rsa 90ms (cache revalidated)
npm http fetch GET 200 https://registry.npmjs.org/ripemd160 94ms (cache revalidated)
npm http fetch GET 200 https://registry.npmjs.org/miller-rabin 96ms (cache revalidated)
npm http fetch GET 200 https://registry.npmjs.org/md5.js 105ms (cache revalidated)
npm http fetch GET 200 https://registry.npmjs.org/cipher-base 111ms (cache revalidated)
npm http fetch GET 200 https://registry.npmjs.org/ripemd160 118ms (cache revalidated)
npm http fetch GET 200 https://registry.npmjs.org/bn.js 123ms (cache revalidated)
npm http fetch GET 200 https://registry.npmjs.org/parse-asn1 979ms (cache revalidated)
npm http fetch GET 200 https://registry.npmjs.org/des.js 79ms (cache revalidated)
npm http fetch GET 200 https://registry.npmjs.org/buffer-xor 99ms (cache revalidated)
npm http fetch GET 200 https://registry.npmjs.org/minimalistic-assert 75ms (cache revalidated)
npm http fetch GET 200 https://registry.npmjs.org/hmac-drbg 76ms (cache revalidated)
npm http fetch GET 200 https://registry.npmjs.org/hash.js 79ms (cache revalidated)
npm http fetch GET 200 https://registry.npmjs.org/asn1.js 83ms (cache revalidated)
npm http fetch GET 200 https://registry.npmjs.org/minimalistic-crypto-utils 88ms (cache revalidated)
npm http fetch GET 200 https://registry.npmjs.org/brorand 961ms (cache revalidated)
npm http fetch GET 200 https://registry.npmjs.org/hash-base 82ms (cache revalidated)
npm http fetch GET 200 https://registry.npmjs.org/es5-ext 135ms (cache revalidated)
npm http fetch GET 200 https://registry.npmjs.org/core-js 146ms (cache revalidated)
npm http fetch GET 200 https://registry.npmjs.org/no-case 143ms (cache revalidated)
npm http fetch GET 200 https://registry.npmjs.org/repeat-string 162ms (cache revalidated)
npm http fetch GET 200 https://registry.npmjs.org/extsprintf 151ms (cache revalidated)
npm http fetch GET 200 https://registry.npmjs.org/upper-case 169ms (cache revalidated)
npm http fetch GET 200 https://registry.npmjs.org/d 191ms (cache revalidated)
npm http fetch GET 200 https://registry.npmjs.org/any-promise 188ms (cache revalidated)
npm http fetch GET 200 https://registry.npmjs.org/error-stack-parser 190ms (cache revalidated)
npm http fetch GET 200 https://registry.npmjs.org/thenify-all 280ms (cache revalidated)
npm http fetch GET 200 https://registry.npmjs.org/object-assign 1051ms (cache revalidated)
npm http fetch GET 200 https://registry.npmjs.org/seed-random 1054ms (cache revalidated)
npm http fetch GET 200 https://registry.npmjs.org/stacktrace-gps 1052ms (cache revalidated)
npm http fetch GET 200 https://registry.npmjs.org/pad-right 1100ms (cache revalidated)
npm http fetch GET 200 https://registry.npmjs.org/stack-generator 1106ms (cache revalidated)
npm http fetch GET 200 https://registry.npmjs.org/file-type 39ms (cache revalidated)
npm http fetch GET 200 https://registry.npmjs.org/unbzip2-stream 44ms (cache revalidated)
npm http fetch GET 200 https://registry.npmjs.org/is-natural-number 47ms (cache revalidated)
npm http fetch GET 200 https://registry.npmjs.org/file-type 56ms (cache revalidated)
npm http fetch GET 200 https://registry.npmjs.org/file-type 77ms (cache revalidated)
npm http fetch GET 200 https://registry.npmjs.org/seek-bzip 178ms (cache revalidated)
npm http fetch GET 200 https://registry.npmjs.org/to-buffer 90ms (cache revalidated)
npm http fetch GET 200 https://registry.npmjs.org/buffer-alloc 1005ms (cache revalidated)
npm http fetch GET 200 https://registry.npmjs.org/pinkie-promise 70ms (cache revalidated)
npm http fetch GET 200 https://registry.npmjs.org/fast-safe-stringify 73ms (cache revalidated)
npm http fetch GET 200 https://registry.npmjs.org/type 89ms (cache revalidated)
npm http fetch GET 200 https://registry.npmjs.org/es6-symbol 89ms (cache revalidated)
npm http fetch GET 200 https://registry.npmjs.org/next-tick 127ms (cache revalidated)
npm http fetch GET 200 https://registry.npmjs.org/es6-iterator 132ms (cache revalidated)
npm http fetch GET 200 https://registry.npmjs.org/ansi-regex 75ms (cache revalidated)
npm http fetch GET 200 https://registry.npmjs.org/ext 68ms (cache revalidated)
npm http fetch GET 200 https://registry.npmjs.org/path-key 52ms (cache revalidated)
npm http fetch GET 200 https://registry.npmjs.org/mimic-fn 56ms (cache revalidated)
npm http fetch GET 200 https://registry.npmjs.org/path-key 68ms (cache revalidated)
npm http fetch GET 200 https://registry.npmjs.org/which 69ms (cache revalidated)
npm http fetch GET 200 https://registry.npmjs.org/shebang-command 72ms (cache revalidated)
npm http fetch GET 200 https://registry.npmjs.org/pump 74ms (cache revalidated)
npm http fetch GET 200 https://registry.npmjs.org/isexe 34ms (cache revalidated)
npm http fetch GET 200 https://registry.npmjs.org/shebang-regex 71ms (cache revalidated)
npm http fetch GET 200 https://registry.npmjs.org/is-number 82ms (cache revalidated)
npm http fetch GET 200 https://registry.npmjs.org/pinkie 78ms (cache revalidated)
npm http fetch GET 200 https://registry.npmjs.org/wrappy 44ms (cache revalidated)
npm http fetch GET 200 https://registry.npmjs.org/brace-expansion 71ms (cache revalidated)
npm http fetch GET 200 https://registry.npmjs.org/dashdash 55ms (cache revalidated)
npm http fetch GET 200 https://registry.npmjs.org/json-schema 69ms (cache revalidated)
npm http fetch GET 200 https://registry.npmjs.org/jsbn 70ms (cache revalidated)
npm http fetch GET 200 https://registry.npmjs.org/ecc-jsbn 74ms (cache revalidated)
npm http fetch GET 200 https://registry.npmjs.org/safer-buffer 77ms (cache revalidated)
npm http fetch GET 200 https://registry.npmjs.org/asn1 91ms (cache revalidated)
npm http fetch GET 200 https://registry.npmjs.org/getpass 91ms (cache revalidated)
npm http fetch GET 200 https://registry.npmjs.org/bcrypt-pbkdf 98ms (cache revalidated)
npm http fetch GET 200 https://registry.npmjs.org/tweetnacl 111ms (cache revalidated)
npm http fetch GET 200 https://registry.npmjs.org/simple-concat 111ms (cache revalidated)
npm http fetch GET 200 https://registry.npmjs.org/acorn 118ms (cache revalidated)
npm http fetch GET 200 https://registry.npmjs.org/acorn-walk 123ms (cache revalidated)
npm http fetch GET 200 https://registry.npmjs.org/get-assigned-identifiers 133ms (cache revalidated)
npm http fetch GET 200 https://registry.npmjs.org/dash-ast 135ms (cache revalidated)
npm http fetch GET 200 https://registry.npmjs.org/sprintf-js 70ms (cache revalidated)
npm http fetch GET 200 https://registry.npmjs.org/tslib 74ms (cache revalidated)
npm http fetch GET 200 https://registry.npmjs.org/aggregate-error 76ms (cache revalidated)
npm http fetch GET 200 https://registry.npmjs.org/ansi-escapes 79ms (cache revalidated)
npm http fetch GET 200 https://registry.npmjs.org/astral-regex 63ms (cache revalidated)
npm http fetch GET 200 https://registry.npmjs.org/type-fest 85ms (cache revalidated)
npm http fetch GET 200 https://registry.npmjs.org/balanced-match 92ms (cache revalidated)
npm http fetch GET 200 https://registry.npmjs.org/concat-map 96ms (cache revalidated)
npm http fetch GET 200 https://registry.npmjs.org/is-plain-obj 53ms (cache revalidated)
npm http fetch GET 200 https://registry.npmjs.org/locate-path 86ms (cache revalidated)
npm http fetch GET 200 https://registry.npmjs.org/camelcase 79ms (cache revalidated)
npm http fetch GET 200 https://registry.npmjs.org/flat 80ms (cache revalidated)
npm http fetch GET 200 https://registry.npmjs.org/path-exists 97ms (cache revalidated)
npm http fetch GET 200 https://registry.npmjs.org/p-locate 75ms (cache revalidated)
npm http fetch GET 200 https://registry.npmjs.org/p-limit 87ms (cache revalidated)
npm http fetch GET 200 https://registry.npmjs.org/thenify 80ms (cache revalidated)
npm http fetch GET 200 https://registry.npmjs.org/easy-stack 143ms (cache revalidated)
npm http fetch GET 200 https://registry.npmjs.org/define-data-property 60ms (cache revalidated)
npm http fetch GET 200 https://registry.npmjs.org/get-intrinsic 142ms (cache revalidated)
npm http fetch GET 200 https://registry.npmjs.org/has-property-descriptors 917ms (cache revalidated)
npm http fetch GET 200 https://registry.npmjs.org/has-proto 72ms (cache revalidated)
npm http fetch GET 200 https://registry.npmjs.org/gopd 90ms (cache revalidated)
npm http fetch GET 200 https://registry.npmjs.org/yocto-queue 82ms (cache revalidated)
npm http fetch GET 200 https://registry.npmjs.org/clean-stack 65ms (cache revalidated)
npm http fetch GET 200 https://registry.npmjs.org/is-arrayish 63ms (cache revalidated)
npm http fetch GET 200 https://registry.npmjs.org/split 131ms (cache revalidated)
npm http fetch GET 200 https://registry.npmjs.org/stream-combiner 131ms (cache revalidated)
npm http fetch GET 200 https://registry.npmjs.org/pause-stream 136ms (cache revalidated)
npm http fetch GET 200 https://registry.npmjs.org/from 140ms (cache revalidated)
npm http fetch GET 200 https://registry.npmjs.org/duplexer 143ms (cache revalidated)
npm http fetch GET 200 https://registry.npmjs.org/map-stream 146ms (cache revalidated)
npm http fetch GET 200 https://registry.npmjs.org/object-inspect 117ms (cache revalidated)
npm http fetch GET 200 https://registry.npmjs.org/unicode-canonical-property-names-ecmascript 46ms (cache revalidated)
npm http fetch GET 200 https://registry.npmjs.org/unicode-property-aliases-ecmascript 59ms (cache revalidated)
npm http fetch GET 200 https://registry.npmjs.org/har-schema 51ms (cache revalidated)
npm http fetch GET 200 https://registry.npmjs.org/fast-deep-equal 47ms (cache revalidated)
npm http fetch GET 200 https://registry.npmjs.org/uri-js 59ms (cache revalidated)
npm http fetch GET 200 https://registry.npmjs.org/fast-json-stable-stringify 95ms (cache revalidated)
npm http fetch GET 200 https://registry.npmjs.org/json-schema-traverse 95ms (cache revalidated)
npm http fetch GET 200 https://registry.npmjs.org/jsonify 107ms (cache revalidated)
npm http fetch GET 200 https://registry.npmjs.org/stackframe 134ms (cache revalidated)
npm http fetch GET 200 https://registry.npmjs.org/lower-case 85ms (cache revalidated)
npm http fetch GET 200 https://registry.npmjs.org/requires-port 77ms (cache revalidated)
npm http fetch GET 200 https://registry.npmjs.org/querystringify 79ms (cache revalidated)
npm http fetch GET 200 https://registry.npmjs.org/ansi-align 67ms (cache revalidated)
npm http fetch GET 200 https://registry.npmjs.org/write-file-atomic 69ms (cache revalidated)
npm http fetch GET 200 https://registry.npmjs.org/dot-prop 95ms (cache revalidated)
npm http fetch GET 200 https://registry.npmjs.org/widest-line 105ms (cache revalidated)
npm http fetch GET 200 https://registry.npmjs.org/cli-boxes 112ms (cache revalidated)
npm http fetch GET 200 https://registry.npmjs.org/escape-goat 121ms (cache revalidated)
npm http fetch GET 200 https://registry.npmjs.org/package-json 167ms (cache revalidated)
npm http fetch GET 200 https://registry.npmjs.org/unique-string 984ms (cache revalidated)
npm http fetch GET 200 https://registry.npmjs.org/is-obj 53ms (cache revalidated)
npm http fetch GET 200 https://registry.npmjs.org/crypto-random-string 72ms (cache revalidated)
npm http fetch GET 200 https://registry.npmjs.org/typedarray-to-buffer 79ms (cache revalidated)
npm http fetch GET 200 https://registry.npmjs.org/imurmurhash 103ms (cache revalidated)
npm http fetch GET 200 https://registry.npmjs.org/registry-url 101ms (cache revalidated)
npm http fetch GET 200 https://registry.npmjs.org/got 161ms (cache revalidated)
npm http fetch GET 200 https://registry.npmjs.org/registry-auth-token 194ms (cache revalidated)
npm http fetch GET 200 https://registry.npmjs.org/decompress-response 82ms (cache revalidated)
npm http fetch GET 200 https://registry.npmjs.org/lowercase-keys 80ms (cache revalidated)
npm http fetch GET 200 https://registry.npmjs.org/to-readable-stream 93ms (cache revalidated)
npm http fetch GET 200 https://registry.npmjs.org/cacheable-request 108ms (cache revalidated)
npm http fetch GET 200 https://registry.npmjs.org/p-cancelable 107ms (cache revalidated)
npm http fetch GET 200 https://registry.npmjs.org/duplexer3 121ms (cache revalidated)
npm http fetch GET 200 https://registry.npmjs.org/rc 107ms (cache revalidated)
npm http fetch GET 200 https://registry.npmjs.org/mimic-response 137ms (cache revalidated)
npm http fetch GET 200 https://registry.npmjs.org/rc 127ms (cache revalidated)
npm http fetch GET 200 https://registry.npmjs.org/@szmarczak%2fhttp-timer 463ms (cache revalidated)
npm http fetch GET 200 https://registry.npmjs.org/@sindresorhus%2fis 466ms (cache revalidated)
npm http fetch GET 200 https://registry.npmjs.org/url-parse-lax 956ms (cache revalidated)
npm http fetch GET 200 https://registry.npmjs.org/normalize-url 46ms (cache revalidated)
npm http fetch GET 200 https://registry.npmjs.org/http-cache-semantics 49ms (cache revalidated)
npm http fetch GET 200 https://registry.npmjs.org/clone-response 53ms (cache revalidated)
npm http fetch GET 200 https://registry.npmjs.org/prepend-http 88ms (cache revalidated)
npm http fetch GET 200 https://registry.npmjs.org/keyv 92ms (cache revalidated)
npm http fetch GET 200 https://registry.npmjs.org/responselike 141ms (cache revalidated)
npm http fetch GET 200 https://registry.npmjs.org/defer-to-connect 174ms (cache revalidated)
npm http fetch GET 200 https://registry.npmjs.org/json-buffer 100ms (cache revalidated)
npm http fetch GET 200 https://registry.npmjs.org/deep-extend 79ms (cache revalidated)
npm http fetch GET 200 https://registry.npmjs.org/pend 1086ms (cache revalidated)
npm http fetch GET 200 https://registry.npmjs.org/crc32-stream 147ms (cache revalidated)
npm http fetch GET 200 https://registry.npmjs.org/crc-32 82ms (cache revalidated)
npm http fetch GET 200 https://registry.npmjs.org/buffer-fill 82ms (cache revalidated)
npm http fetch GET 200 https://registry.npmjs.org/buffer-alloc-unsafe 179ms (cache revalidated)
npm http fetch GET 200 https://registry.npmjs.org/is-typed-array 95ms (cache revalidated)
npm http fetch GET 200 https://registry.npmjs.org/which-typed-array 95ms (cache revalidated)
npm http fetch GET 200 https://registry.npmjs.org/is-generator-function 124ms (cache revalidated)
npm http fetch GET 200 https://registry.npmjs.org/is-arguments 137ms (cache revalidated)
npm http fetch GET 200 https://registry.npmjs.org/has-tostringtag 56ms (cache revalidated)
npm http fetch GET 200 https://registry.npmjs.org/for-each 78ms (cache revalidated)
npm http fetch GET 200 https://registry.npmjs.org/available-typed-arrays 87ms (cache revalidated)
npm http fetch GET 200 https://registry.npmjs.org/is-callable 107ms (cache revalidated)
npm http fetch GET 200 https://registry.npmjs.org/p-try 171ms (cache revalidated)
npm verb reify failed optional dependency F:\cypress\swaglabs\tmpBstackPackages\node_modules\fsevents
npm http fetch POST 200 https://registry.npmjs.org/-/npm/v1/security/advisories/bulk 2242ms
npm WARN deprecated @babel/plugin-proposal-class-properties@7.18.6: This proposal has been merged to the ECMAScript standard and thus this plugin is no longer maintained. Please use @babel/plugin-transform-class-properties instead.
npm WARN deprecated cypress-xpath@2.0.1: Package no longer supported. Contact Support at https://www.npmjs.com/support for more info.
npm WARN deprecated har-validator@5.1.5: this library is no longer supported
npm WARN deprecated @babel/plugin-proposal-object-rest-spread@7.20.7: This proposal has been merged to the ECMAScript standard and thus this plugin is no longer maintained. Please use @babel/plugin-transform-object-rest-spread instead.
npm WARN deprecated uuid@3.4.0: Please upgrade  to version 7 or higher.  Older versions may use Math.random() in certain circumstances, which is known to be problematic.  See https://v8.dev/blog/math-random for details.
npm WARN deprecated request@2.88.2: request has been deprecated, see https://github.com/request/request/issues/3142
npm WARN deprecated gherkin@5.1.0: This package is now published under @cucumber/gherkin
npm WARN deprecated cucumber-expressions@6.6.2: This package is now published under @cucumber/cucumber-expressions
npm WARN deprecated cucumber-expressions@5.0.18: This package is now published under @cucumber/cucumber-expressions
npm WARN deprecated cucumber@4.2.1: Cucumber is publishing new releases under @cucumber/cucumber
npm WARN deprecated core-js@2.6.12: core-js@<3.23.3 is no longer maintained and not recommended for usage due to the number of issues. Because of the V8 engine whims, feature detection in old core-js versions could cause a slowdown up to 100x even if nothing is polyfilled. Some versions have web compatibility issues. Please, upgrade your dependencies to the actual version of core-js.
npm info run core-js@2.6.12 postinstall node_modules/core-js node -e "try{require('./postinstall')}catch(e){}"
npm info run cypress@13.2.0 postinstall node_modules/cypress node index.js --exec install
npm info run es5-ext@0.10.62 postinstall node_modules/es5-ext  node -e "try{require('./_postinstall')}catch(e){}" || exit 0
npm info run cucumber-expressions@5.0.18 postinstall node_modules/cucumber/node_modules/cucumber-expressions node scripts/postinstall.js
npm info run core-js@2.6.12 postinstall { code: 0, signal: null }
npm info run cucumber-expressions@5.0.18 postinstall { code: 0, signal: null }
npm info run es5-ext@0.10.62 postinstall { code: 0, signal: null }
npm info run cypress@13.2.0 postinstall { code: 0, signal: null }

added 869 packages, and audited 870 packages in 1m

86 packages are looking for funding
  run `npm fund` for details

7 moderate severity vulnerabilities

To address all issues (including breaking changes), run:
  npm audit fix --force

Run `npm audit` for details.
npm verb exit 0
npm info ok 
